<?xml version="1.0" encoding="UTF-8"?>
<testng-results ignored="0" total="2" passed="2" failed="0" skipped="0">
  <reporter-output>
  </reporter-output>
  <suite started-at="2024-05-21T15:11:15 IST" name="Gmail Test Suite" finished-at="2024-05-21T15:11:15 IST" duration-ms="159">
    <groups>
    </groups>
    <test started-at="2024-05-21T15:11:15 IST" name="Send Mail testcase" finished-at="2024-05-21T15:11:15 IST" duration-ms="68">
      <class name="testcases.SendMailTest">
        <test-method is-config="true" signature="login()[pri:0, instance:testcases.SendMailTest@72d1ad2e]" started-at="2024-05-21T15:11:15 IST" name="login" finished-at="2024-05-21T15:11:15 IST" duration-ms="4" status="PASS">
          <reporter-output>
          </reporter-output>
        </test-method> <!-- login -->
        <test-method signature="SendMail(java.lang.String,java.lang.String)[pri:0, instance:testcases.SendMailTest@72d1ad2e]" started-at="2024-05-21T15:11:15 IST" name="SendMail" finished-at="2024-05-21T15:11:15 IST" duration-ms="7" status="PASS">
          <params>
            <param index="0">
              <value>
                <![CDATA[94saranyacse@gmail.com]]>
              </value>
            </param>
            <param index="1">
              <value>
                <![CDATA[Mail sented succesfully]]>
              </value>
            </param>
          </params>
          <reporter-output>
          </reporter-output>
        </test-method> <!-- SendMail -->
        <test-method is-config="true" signature="logout()[pri:0, instance:testcases.SendMailTest@72d1ad2e]" started-at="2024-05-21T15:11:15 IST" name="logout" finished-at="2024-05-21T15:11:15 IST" duration-ms="1" status="PASS">
          <reporter-output>
          </reporter-output>
        </test-method> <!-- logout -->
      </class> <!-- testcases.SendMailTest -->
    </test> <!-- Send Mail testcase -->
    <test started-at="2024-05-21T15:11:15 IST" name="Recieve Mail testcase" finished-at="2024-05-21T15:11:15 IST" duration-ms="14">
      <class name="testcases.RecieveMailTest">
        <test-method is-config="true" signature="launchApp()[pri:0, instance:testcases.RecieveMailTest@799f10e1]" started-at="2024-05-21T15:11:15 IST" name="launchApp" finished-at="2024-05-21T15:11:15 IST" duration-ms="16" status="PASS">
          <reporter-output>
          </reporter-output>
        </test-method> <!-- launchApp -->
        <test-method is-config="true" signature="login()[pri:0, instance:testcases.RecieveMailTest@799f10e1]" started-at="2024-05-21T15:11:15 IST" name="login" finished-at="2024-05-21T15:11:15 IST" duration-ms="2" status="PASS">
          <reporter-output>
          </reporter-output>
        </test-method> <!-- login -->
        <test-method signature="RecieveMail()[pri:0, instance:testcases.RecieveMailTest@799f10e1]" started-at="2024-05-21T15:11:15 IST" name="RecieveMail" finished-at="2024-05-21T15:11:15 IST" duration-ms="4" status="PASS">
          <reporter-output>
          </reporter-output>
        </test-method> <!-- RecieveMail -->
        <test-method is-config="true" signature="logout()[pri:0, instance:testcases.RecieveMailTest@799f10e1]" started-at="2024-05-21T15:11:15 IST" name="logout" finished-at="2024-05-21T15:11:15 IST" duration-ms="1" status="PASS">
          <reporter-output>
          </reporter-output>
        </test-method> <!-- logout -->
        <test-method is-config="true" signature="closeApp()[pri:0, instance:testcases.RecieveMailTest@799f10e1]" started-at="2024-05-21T15:11:15 IST" name="closeApp" finished-at="2024-05-21T15:11:15 IST" duration-ms="0" status="PASS">
          <reporter-output>
          </reporter-output>
        </test-method> <!-- closeApp -->
      </class> <!-- testcases.RecieveMailTest -->
    </test> <!-- Recieve Mail testcase -->
  </suite> <!-- Gmail Test Suite -->
</testng-results>
